# JRE version: Java(TM) SE Runtime Environment (9.0+11) (build 9.0.4+11)
# Java VM: Java HotSpot(TM) 64-Bit Server VM (9.0.4+11, mixed mode, tiered, compressed oops, g1 gc, windows-amd64)
Heap:
 garbage-first heap   total 512000K, used 207098K [0x0000000700000000, 0x0000000700100fa0, 0x00000007c0000000)
  region size 1024K, 28 young (28672K), 2 survivors (2048K)
 Metaspace       used 95266K, capacity 97097K, committed 103888K, reserved 1138688K
  class space    used 12809K, capacity 13206K, committed 14588K, reserved 1048576K
GC Heap History (10 events):
Event: 81323.555 GC heap before
{Heap before GC invocations=2457 (full 48):
 garbage-first heap   total 512000K, used 239779K [0x0000000700000000, 0x0000000700100fa0, 0x00000007c0000000)
  region size 1024K, 60 young (61440K), 3 survivors (3072K)
 Metaspace       used 95265K, capacity 97097K, committed 103888K, reserved 1138688K
  class space    used 12809K, capacity 13206K, committed 14588K, reserved 1048576K
}
Event: 81323.561 GC heap after
{Heap after GC invocations=2458 (full 48):
 garbage-first heap   total 512000K, used 181378K [0x0000000700000000, 0x0000000700100fa0, 0x00000007c0000000)
  region size 1024K, 3 young (3072K), 3 survivors (3072K)
 Metaspace       used 95265K, capacity 97097K, committed 103888K, reserved 1138688K
  class space    used 12809K, capacity 13206K, committed 14588K, reserved 1048576K
}
Event: 81325.422 GC heap before
{Heap before GC invocations=2458 (full 48):
 garbage-first heap   total 512000K, used 239746K [0x0000000700000000, 0x0000000700100fa0, 0x00000007c0000000)
  region size 1024K, 60 young (61440K), 3 survivors (3072K)
 Metaspace       used 95266K, capacity 97097K, committed 103888K, reserved 1138688K
  class space    used 12809K, capacity 13206K, committed 14588K, reserved 1048576K
}
Event: 81325.427 GC heap after
{Heap after GC invocations=2459 (full 48):
 garbage-first heap   total 512000K, used 181426K [0x0000000700000000, 0x0000000700100fa0, 0x00000007c0000000)
  region size 1024K, 3 young (3072K), 3 survivors (3072K)
 Metaspace       used 95266K, capacity 97097K, committed 103888K, reserved 1138688K
  class space    used 12809K, capacity 13206K, committed 14588K, reserved 1048576K
}
Event: 81325.643 GC heap before
{Heap before GC invocations=2459 (full 48):
 garbage-first heap   total 512000K, used 239794K [0x0000000700000000, 0x0000000700100fa0, 0x00000007c0000000)
  region size 1024K, 60 young (61440K), 3 survivors (3072K)
 Metaspace       used 95266K, capacity 97097K, committed 103888K, reserved 1138688K
  class space    used 12809K, capacity 13206K, committed 14588K, reserved 1048576K
}
Event: 81325.648 GC heap after
{Heap after GC invocations=2460 (full 48):
 garbage-first heap   total 512000K, used 181353K [0x0000000700000000, 0x0000000700100fa0, 0x00000007c0000000)
  region size 1024K, 3 young (3072K), 3 survivors (3072K)
 Metaspace       used 95266K, capacity 97097K, committed 103888K, reserved 1138688K
  class space    used 12809K, capacity 13206K, committed 14588K, reserved 1048576K
}
Event: 81327.851 GC heap before
{Heap before GC invocations=2460 (full 48):
 garbage-first heap   total 512000K, used 239721K [0x0000000700000000, 0x0000000700100fa0, 0x00000007c0000000)
  region size 1024K, 60 young (61440K), 3 survivors (3072K)
 Metaspace       used 95266K, capacity 97097K, committed 103888K, reserved 1138688K
  class space    used 12809K, capacity 13206K, committed 14588K, reserved 1048576K
}
Event: 81327.856 GC heap after
{Heap after GC invocations=2461 (full 48):
 garbage-first heap   total 512000K, used 181397K [0x0000000700000000, 0x0000000700100fa0, 0x00000007c0000000)
  region size 1024K, 3 young (3072K), 3 survivors (3072K)
 Metaspace       used 95266K, capacity 97097K, committed 103888K, reserved 1138688K
  class space    used 12809K, capacity 13206K, committed 14588K, reserved 1048576K
}
Event: 81328.214 GC heap before
{Heap before GC invocations=2461 (full 48):
 garbage-first heap   total 512000K, used 239765K [0x0000000700000000, 0x0000000700100fa0, 0x00000007c0000000)
  region size 1024K, 60 young (61440K), 3 survivors (3072K)
 Metaspace       used 95266K, capacity 97097K, committed 103888K, reserved 1138688K
  class space    used 12809K, capacity 13206K, committed 14588K, reserved 1048576K
}
Event: 81328.218 GC heap after
{Heap after GC invocations=2462 (full 48):
 garbage-first heap   total 512000K, used 181498K [0x0000000700000000, 0x0000000700100fa0, 0x00000007c0000000)
  region size 1024K, 2 young (2048K), 2 survivors (2048K)
 Metaspace       used 95266K, capacity 97097K, committed 103888K, reserved 1138688K
  class space    used 12809K, capacity 13206K, committed 14588K, reserved 1048576K
}

